# JRE version: Java(TM) SE Runtime Environment (8.0-b132) (build 1.8.0-b132)
# Java VM: Java HotSpot(TM) 64-Bit Server VM (25.0-b70 mixed mode windows-amd64 compressed oops)
Heap:
 PSYoungGen      total 268800K, used 43209K [0x00000000eab00000, 0x0000000100000000, 0x0000000100000000)
  eden space 185856K, 13% used [0x00000000eab00000,0x00000000ec328ea8,0x00000000f6080000)
  from space 82944K, 22% used [0x00000000faf00000,0x00000000fc1095c8,0x0000000100000000)
  to   space 80384K, 0% used [0x00000000f6080000,0x00000000f6080000,0x00000000faf00000)
 ParOldGen       total 140800K, used 91377K [0x00000000c0000000, 0x00000000c8980000, 0x00000000eab00000)
  object space 140800K, 64% used [0x00000000c0000000,0x00000000c593c6b0,0x00000000c8980000)
 Metaspace       used 123578K, capacity 129256K, committed 130688K, reserved 1161216K
  class space    used 16677K, capacity 17669K, committed 18048K, reserved 1048576K
GC Heap History (10 events):
Event: 2799.559 GC heap before
{Heap before GC invocations=90 (full 16):
 PSYoungGen      total 203776K, used 176128K [0x00000000eab00000, 0x00000000ffa00000, 0x0000000100000000)
  eden space 176128K, 100% used [0x00000000eab00000,0x00000000f5700000,0x00000000f5700000)
  from space 27648K, 0% used [0x00000000f5700000,0x00000000f5700000,0x00000000f7200000)
  to   space 82944K, 0% used [0x00000000fa900000,0x00000000fa900000,0x00000000ffa00000)
 ParOldGen       total 140800K, used 91353K [0x00000000c0000000, 0x00000000c8980000, 0x00000000eab00000)
  object space 140800K, 64% used [0x00000000c0000000,0x00000000c59366b0,0x00000000c8980000)
 Metaspace       used 122146K, capacity 127674K, committed 129792K, reserved 1161216K
  class space    used 16533K, capacity 17486K, committed 17920K, reserved 1048576K
Event: 2799.623 GC heap after
Heap after GC invocations=90 (full 16):
 PSYoungGen      total 260608K, used 8656K [0x00000000eab00000, 0x0000000100000000, 0x0000000100000000)
  eden space 177664K, 0% used [0x00000000eab00000,0x00000000eab00000,0x00000000f5880000)
  from space 82944K, 10% used [0x00000000fa900000,0x00000000fb174030,0x00000000ffa00000)
  to   space 82432K, 0% used [0x00000000f5880000,0x00000000f5880000,0x00000000fa900000)
 ParOldGen       total 140800K, used 91361K [0x00000000c0000000, 0x00000000c8980000, 0x00000000eab00000)
  object space 140800K, 64% used [0x00000000c0000000,0x00000000c59386b0,0x00000000c8980000)
 Metaspace       used 122146K, capacity 127674K, committed 129792K, reserved 1161216K
  class space    used 16533K, capacity 17486K, committed 17920K, reserved 1048576K
}
Event: 2804.142 GC heap before
{Heap before GC invocations=91 (full 16):
 PSYoungGen      total 260608K, used 186320K [0x00000000eab00000, 0x0000000100000000, 0x0000000100000000)
  eden space 177664K, 100% used [0x00000000eab00000,0x00000000f5880000,0x00000000f5880000)
  from space 82944K, 10% used [0x00000000fa900000,0x00000000fb174030,0x00000000ffa00000)
  to   space 82432K, 0% used [0x00000000f5880000,0x00000000f5880000,0x00000000fa900000)
 ParOldGen       total 140800K, used 91361K [0x00000000c0000000, 0x00000000c8980000, 0x00000000eab00000)
  object space 140800K, 64% used [0x00000000c0000000,0x00000000c59386b0,0x00000000c8980000)
 Metaspace       used 122237K, capacity 127794K, committed 129792K, reserved 1161216K
  class space    used 16539K, capacity 17496K, committed 17920K, reserved 1048576K
Event: 2804.176 GC heap after
Heap after GC invocations=91 (full 16):
 PSYoungGen      total 260096K, used 13384K [0x00000000eab00000, 0x00000000ffb80000, 0x0000000100000000)
  eden space 177664K, 0% used [0x00000000eab00000,0x00000000eab00000,0x00000000f5880000)
  from space 82432K, 16% used [0x00000000f5880000,0x00000000f6592208,0x00000000fa900000)
  to   space 80384K, 0% used [0x00000000fad00000,0x00000000fad00000,0x00000000ffb80000)
 ParOldGen       total 140800K, used 91361K [0x00000000c0000000, 0x00000000c8980000, 0x00000000eab00000)
  object space 140800K, 64% used [0x00000000c0000000,0x00000000c59386b0,0x00000000c8980000)
 Metaspace       used 122237K, capacity 127794K, committed 129792K, reserved 1161216K
  class space    used 16539K, capacity 17496K, committed 17920K, reserved 1048576K
}
Event: 2805.014 GC heap before
{Heap before GC invocations=92 (full 16):
 PSYoungGen      total 260096K, used 191048K [0x00000000eab00000, 0x00000000ffb80000, 0x0000000100000000)
  eden space 177664K, 100% used [0x00000000eab00000,0x00000000f5880000,0x00000000f5880000)
  from space 82432K, 16% used [0x00000000f5880000,0x00000000f6592208,0x00000000fa900000)
  to   space 80384K, 0% used [0x00000000fad00000,0x00000000fad00000,0x00000000ffb80000)
 ParOldGen       total 140800K, used 91361K [0x00000000c0000000, 0x00000000c8980000, 0x00000000eab00000)
  object space 140800K, 64% used [0x00000000c0000000,0x00000000c59386b0,0x00000000c8980000)
 Metaspace       used 122511K, capacity 128086K, committed 129792K, reserved 1161216K
  class space    used 16571K, capacity 17532K, committed 17920K, reserved 1048576K
Event: 2805.094 GC heap after
Heap after GC invocations=92 (full 16):
 PSYoungGen      total 263168K, used 34862K [0x00000000eab00000, 0x00000000ff800000, 0x0000000100000000)
  eden space 186368K, 0% used [0x00000000eab00000,0x00000000eab00000,0x00000000f6100000)
  from space 76800K, 45% used [0x00000000fad00000,0x00000000fcf0bbb8,0x00000000ff800000)
  to   space 77312K, 0% used [0x00000000f6100000,0x00000000f6100000,0x00000000fac80000)
 ParOldGen       total 140800K, used 91369K [0x00000000c0000000, 0x00000000c8980000, 0x00000000eab00000)
  object space 140800K, 64% used [0x00000000c0000000,0x00000000c593a6b0,0x00000000c8980000)
 Metaspace       used 122511K, capacity 128086K, committed 129792K, reserved 1161216K
  class space    used 16571K, capacity 17532K, committed 17920K, reserved 1048576K
}
Event: 2807.222 GC heap before
{Heap before GC invocations=93 (full 16):
 PSYoungGen      total 263168K, used 221230K [0x00000000eab00000, 0x00000000ff800000, 0x0000000100000000)
  eden space 186368K, 100% used [0x00000000eab00000,0x00000000f6100000,0x00000000f6100000)
  from space 76800K, 45% used [0x00000000fad00000,0x00000000fcf0bbb8,0x00000000ff800000)
  to   space 77312K, 0% used [0x00000000f6100000,0x00000000f6100000,0x00000000fac80000)
 ParOldGen       total 140800K, used 91369K [0x00000000c0000000, 0x00000000c8980000, 0x00000000eab00000)
  object space 140800K, 64% used [0x00000000c0000000,0x00000000c593a6b0,0x00000000c8980000)
 Metaspace       used 123564K, capacity 129192K, committed 130688K, reserved 1161216K
  class space    used 16677K, capacity 17669K, committed 18048K, reserved 1048576K
Event: 2807.429 GC heap after
Heap after GC invocations=93 (full 16):
 PSYoungGen      total 263680K, used 57959K [0x00000000eab00000, 0x0000000100000000, 0x0000000100000000)
  eden space 186368K, 0% used [0x00000000eab00000,0x00000000eab00000,0x00000000f6100000)
  from space 77312K, 74% used [0x00000000f6100000,0x00000000f9999fe0,0x00000000fac80000)
  to   space 82944K, 0% used [0x00000000faf00000,0x00000000faf00000,0x0000000100000000)
 ParOldGen       total 140800K, used 91369K [0x00000000c0000000, 0x00000000c8980000, 0x00000000eab00000)
  object space 140800K, 64% used [0x00000000c0000000,0x00000000c593a6b0,0x00000000c8980000)
 Metaspace       used 123564K, capacity 129192K, committed 130688K, reserved 1161216K
  class space    used 16677K, capacity 17669K, committed 18048K, reserved 1048576K
}
Event: 2818.055 GC heap before
{Heap before GC invocations=94 (full 16):
 PSYoungGen      total 263680K, used 243814K [0x00000000eab00000, 0x0000000100000000, 0x0000000100000000)
  eden space 186368K, 99% used [0x00000000eab00000,0x00000000f607fa48,0x00000000f6100000)
  from space 77312K, 74% used [0x00000000f6100000,0x00000000f9999fe0,0x00000000fac80000)
  to   space 82944K, 0% used [0x00000000faf00000,0x00000000faf00000,0x0000000100000000)
 ParOldGen       total 140800K, used 91369K [0x00000000c0000000, 0x00000000c8980000, 0x00000000eab00000)
  object space 140800K, 64% used [0x00000000c0000000,0x00000000c593a6b0,0x00000000c8980000)
 Metaspace       used 123575K, capacity 129192K, committed 130688K, reserved 1161216K
  class space    used 16677K, capacity 17669K, committed 18048K, reserved 1048576K
Event: 2818.320 GC heap after
Heap after GC invocations=94 (full 16):
 PSYoungGen      total 268800K, used 18469K [0x00000000eab00000, 0x0000000100000000, 0x0000000100000000)
  eden space 185856K, 0% used [0x00000000eab00000,0x00000000eab00000,0x00000000f6080000)
  from space 82944K, 22% used [0x00000000faf00000,0x00000000fc1095c8,0x0000000100000000)
  to   space 80384K, 0% used [0x00000000f6080000,0x00000000f6080000,0x00000000faf00000)
 ParOldGen       total 140800K, used 91377K [0x00000000c0000000, 0x00000000c8980000, 0x00000000eab00000)
  object space 140800K, 64% used [0x00000000c0000000,0x00000000c593c6b0,0x00000000c8980000)
 Metaspace       used 123575K, capacity 129192K, committed 130688K, reserved 1161216K
  class space    used 16677K, capacity 17669K, committed 18048K, reserved 1048576K
}

