# JRE version: Java(TM) SE Runtime Environment (8.0-b132) (build 1.8.0-b132)
# Java VM: Java HotSpot(TM) 64-Bit Server VM (25.0-b70 mixed mode windows-amd64 compressed oops)
Heap:
 PSYoungGen      total 192512K, used 18542K [0x00000000eab00000, 0x00000000fa680000, 0x0000000100000000)
  eden space 133120K, 9% used [0x00000000eab00000,0x00000000eb78bbd8,0x00000000f2d00000)
  from space 59392K, 9% used [0x00000000f2d00000,0x00000000f3290000,0x00000000f6700000)
  to   space 58880K, 0% used [0x00000000f6d00000,0x00000000f6d00000,0x00000000fa680000)
 ParOldGen       total 108544K, used 82105K [0x00000000c0000000, 0x00000000c6a00000, 0x00000000eab00000)
  object space 108544K, 75% used [0x00000000c0000000,0x00000000c502e4b0,0x00000000c6a00000)
 Metaspace       used 77682K, capacity 81310K, committed 81408K, reserved 1120256K
  class space    used 10676K, capacity 11433K, committed 11520K, reserved 1048576K
GC Heap History (10 events):
Event: 455.452 GC heap before
{Heap before GC invocations=50 (full 8):
 PSYoungGen      total 182272K, used 133829K [0x00000000eab00000, 0x00000000f9f80000, 0x0000000100000000)
  eden space 117248K, 100% used [0x00000000eab00000,0x00000000f1d80000,0x00000000f1d80000)
  from space 65024K, 25% used [0x00000000f1d80000,0x00000000f2db1648,0x00000000f5d00000)
  to   space 61440K, 0% used [0x00000000f6380000,0x00000000f6380000,0x00000000f9f80000)
 ParOldGen       total 108544K, used 55400K [0x00000000c0000000, 0x00000000c6a00000, 0x00000000eab00000)
  object space 108544K, 51% used [0x00000000c0000000,0x00000000c361a2c0,0x00000000c6a00000)
 Metaspace       used 72307K, capacity 75040K, committed 75136K, reserved 1114112K
  class space    used 9803K, capacity 10352K, committed 10368K, reserved 1048576K
Event: 455.545 GC heap after
Heap after GC invocations=50 (full 8):
 PSYoungGen      total 179712K, used 25059K [0x00000000eab00000, 0x00000000f9880000, 0x0000000100000000)
  eden space 125440K, 0% used [0x00000000eab00000,0x00000000eab00000,0x00000000f2580000)
  from space 54272K, 46% used [0x00000000f6380000,0x00000000f7bf8f40,0x00000000f9880000)
  to   space 58880K, 0% used [0x00000000f2580000,0x00000000f2580000,0x00000000f5f00000)
 ParOldGen       total 108544K, used 55408K [0x00000000c0000000, 0x00000000c6a00000, 0x00000000eab00000)
  object space 108544K, 51% used [0x00000000c0000000,0x00000000c361c2c0,0x00000000c6a00000)
 Metaspace       used 72307K, capacity 75040K, committed 75136K, reserved 1114112K
  class space    used 9803K, capacity 10352K, committed 10368K, reserved 1048576K
}
Event: 461.894 GC heap before
{Heap before GC invocations=51 (full 8):
 PSYoungGen      total 179712K, used 150499K [0x00000000eab00000, 0x00000000f9880000, 0x0000000100000000)
  eden space 125440K, 100% used [0x00000000eab00000,0x00000000f2580000,0x00000000f2580000)
  from space 54272K, 46% used [0x00000000f6380000,0x00000000f7bf8f40,0x00000000f9880000)
  to   space 58880K, 0% used [0x00000000f2580000,0x00000000f2580000,0x00000000f5f00000)
 ParOldGen       total 108544K, used 55408K [0x00000000c0000000, 0x00000000c6a00000, 0x00000000eab00000)
  object space 108544K, 51% used [0x00000000c0000000,0x00000000c361c2c0,0x00000000c6a00000)
 Metaspace       used 76441K, capacity 79628K, committed 79872K, reserved 1118208K
  class space    used 10488K, capacity 11153K, committed 11264K, reserved 1048576K
Event: 461.960 GC heap after
Heap after GC invocations=51 (full 8):
 PSYoungGen      total 184320K, used 36577K [0x00000000eab00000, 0x00000000fa400000, 0x0000000100000000)
  eden space 125440K, 0% used [0x00000000eab00000,0x00000000eab00000,0x00000000f2580000)
  from space 58880K, 62% used [0x00000000f2580000,0x00000000f4938520,0x00000000f5f00000)
  to   space 60928K, 0% used [0x00000000f6880000,0x00000000f6880000,0x00000000fa400000)
 ParOldGen       total 108544K, used 55408K [0x00000000c0000000, 0x00000000c6a00000, 0x00000000eab00000)
  object space 108544K, 51% used [0x00000000c0000000,0x00000000c361c2c0,0x00000000c6a00000)
 Metaspace       used 76441K, capacity 79628K, committed 79872K, reserved 1118208K
  class space    used 10488K, capacity 11153K, committed 11264K, reserved 1048576K
}
Event: 464.450 GC heap before
{Heap before GC invocations=52 (full 8):
 PSYoungGen      total 184320K, used 75429K [0x00000000eab00000, 0x00000000fa400000, 0x0000000100000000)
  eden space 125440K, 30% used [0x00000000eab00000,0x00000000ed0f1270,0x00000000f2580000)
  from space 58880K, 62% used [0x00000000f2580000,0x00000000f4938520,0x00000000f5f00000)
  to   space 60928K, 0% used [0x00000000f6880000,0x00000000f6880000,0x00000000fa400000)
 ParOldGen       total 108544K, used 55408K [0x00000000c0000000, 0x00000000c6a00000, 0x00000000eab00000)
  object space 108544K, 51% used [0x00000000c0000000,0x00000000c361c2c0,0x00000000c6a00000)
 Metaspace       used 77384K, capacity 80922K, committed 81152K, reserved 1118208K
  class space    used 10657K, capacity 11405K, committed 11520K, reserved 1048576K
Event: 464.579 GC heap after
Heap after GC invocations=52 (full 8):
 PSYoungGen      total 190976K, used 28256K [0x00000000eab00000, 0x00000000fa100000, 0x0000000100000000)
  eden space 133120K, 0% used [0x00000000eab00000,0x00000000eab00000,0x00000000f2d00000)
  from space 57856K, 48% used [0x00000000f6880000,0x00000000f8418208,0x00000000fa100000)
  to   space 59392K, 0% used [0x00000000f2d00000,0x00000000f2d00000,0x00000000f6700000)
 ParOldGen       total 108544K, used 55416K [0x00000000c0000000, 0x00000000c6a00000, 0x00000000eab00000)
  object space 108544K, 51% used [0x00000000c0000000,0x00000000c361e2c0,0x00000000c6a00000)
 Metaspace       used 77384K, capacity 80922K, committed 81152K, reserved 1118208K
  class space    used 10657K, capacity 11405K, committed 11520K, reserved 1048576K
}
Event: 464.579 GC heap before
{Heap before GC invocations=53 (full 9):
 PSYoungGen      total 190976K, used 28256K [0x00000000eab00000, 0x00000000fa100000, 0x0000000100000000)
  eden space 133120K, 0% used [0x00000000eab00000,0x00000000eab00000,0x00000000f2d00000)
  from space 57856K, 48% used [0x00000000f6880000,0x00000000f8418208,0x00000000fa100000)
  to   space 59392K, 0% used [0x00000000f2d00000,0x00000000f2d00000,0x00000000f6700000)
 ParOldGen       total 108544K, used 55416K [0x00000000c0000000, 0x00000000c6a00000, 0x00000000eab00000)
  object space 108544K, 51% used [0x00000000c0000000,0x00000000c361e2c0,0x00000000c6a00000)
 Metaspace       used 77384K, capacity 80922K, committed 81152K, reserved 1118208K
  class space    used 10657K, capacity 11405K, committed 11520K, reserved 1048576K
Event: 465.478 GC heap after
Heap after GC invocations=53 (full 9):
 PSYoungGen      total 190976K, used 0K [0x00000000eab00000, 0x00000000fa100000, 0x0000000100000000)
  eden space 133120K, 0% used [0x00000000eab00000,0x00000000eab00000,0x00000000f2d00000)
  from space 57856K, 0% used [0x00000000f6880000,0x00000000f6880000,0x00000000fa100000)
  to   space 59392K, 0% used [0x00000000f2d00000,0x00000000f2d00000,0x00000000f6700000)
 ParOldGen       total 108544K, used 82097K [0x00000000c0000000, 0x00000000c6a00000, 0x00000000eab00000)
  object space 108544K, 75% used [0x00000000c0000000,0x00000000c502c4b0,0x00000000c6a00000)
 Metaspace       used 77384K, capacity 80922K, committed 81152K, reserved 1118208K
  class space    used 10657K, capacity 11405K, committed 11520K, reserved 1048576K
}
Event: 479.687 GC heap before
{Heap before GC invocations=54 (full 9):
 PSYoungGen      total 190976K, used 133120K [0x00000000eab00000, 0x00000000fa100000, 0x0000000100000000)
  eden space 133120K, 100% used [0x00000000eab00000,0x00000000f2d00000,0x00000000f2d00000)
  from space 57856K, 0% used [0x00000000f6880000,0x00000000f6880000,0x00000000fa100000)
  to   space 59392K, 0% used [0x00000000f2d00000,0x00000000f2d00000,0x00000000f6700000)
 ParOldGen       total 108544K, used 82097K [0x00000000c0000000, 0x00000000c6a00000, 0x00000000eab00000)
  object space 108544K, 75% used [0x00000000c0000000,0x00000000c502c4b0,0x00000000c6a00000)
 Metaspace       used 77665K, capacity 81240K, committed 81408K, reserved 1120256K
  class space    used 10674K, capacity 11430K, committed 11520K, reserved 1048576K
Event: 479.706 GC heap after
Heap after GC invocations=54 (full 9):
 PSYoungGen      total 192512K, used 5696K [0x00000000eab00000, 0x00000000fa680000, 0x0000000100000000)
  eden space 133120K, 0% used [0x00000000eab00000,0x00000000eab00000,0x00000000f2d00000)
  from space 59392K, 9% used [0x00000000f2d00000,0x00000000f3290000,0x00000000f6700000)
  to   space 58880K, 0% used [0x00000000f6d00000,0x00000000f6d00000,0x00000000fa680000)
 ParOldGen       total 108544K, used 82105K [0x00000000c0000000, 0x00000000c6a00000, 0x00000000eab00000)
  object space 108544K, 75% used [0x00000000c0000000,0x00000000c502e4b0,0x00000000c6a00000)
 Metaspace       used 77665K, capacity 81240K, committed 81408K, reserved 1120256K
  class space    used 10674K, capacity 11430K, committed 11520K, reserved 1048576K
}

