# JRE version: Java(TM) SE Runtime Environment (8.0-b132) (build 1.8.0-b132)
# Java VM: Java HotSpot(TM) 64-Bit Server VM (25.0-b70 mixed mode windows-amd64 compressed oops)
Heap:
 PSYoungGen      total 304640K, used 157074K [0x00000000eab00000, 0x00000000ffd00000, 0x0000000100000000)
  eden space 262656K, 52% used [0x00000000eab00000,0x00000000f320cd70,0x00000000fab80000)
  from space 41984K, 44% used [0x00000000fd400000,0x00000000fe657cb8,0x00000000ffd00000)
  to   space 41472K, 0% used [0x00000000fab80000,0x00000000fab80000,0x00000000fd400000)
 ParOldGen       total 145920K, used 58196K [0x00000000c0000000, 0x00000000c8e80000, 0x00000000eab00000)
  object space 145920K, 39% used [0x00000000c0000000,0x00000000c38d5250,0x00000000c8e80000)
 Metaspace       used 80825K, capacity 84926K, committed 85120K, reserved 1122304K
  class space    used 10830K, capacity 11504K, committed 11648K, reserved 1048576K
GC Heap History (10 events):
Event: 2638.002 GC heap before
{Heap before GC invocations=106 (full 21):
 PSYoungGen      total 297472K, used 250368K [0x00000000eab00000, 0x00000000ffc80000, 0x0000000100000000)
  eden space 250368K, 100% used [0x00000000eab00000,0x00000000f9f80000,0x00000000f9f80000)
  from space 47104K, 0% used [0x00000000fce80000,0x00000000fce80000,0x00000000ffc80000)
  to   space 47616K, 0% used [0x00000000f9f80000,0x00000000f9f80000,0x00000000fce00000)
 ParOldGen       total 145920K, used 100181K [0x00000000c0000000, 0x00000000c8e80000, 0x00000000eab00000)
  object space 145920K, 68% used [0x00000000c0000000,0x00000000c61d5660,0x00000000c8e80000)
 Metaspace       used 70360K, capacity 73410K, committed 74752K, reserved 1114112K
  class space    used 9363K, capacity 9879K, committed 10240K, reserved 1048576K
Event: 2638.022 GC heap after
Heap after GC invocations=106 (full 21):
 PSYoungGen      total 297984K, used 9846K [0x00000000eab00000, 0x00000000ffb80000, 0x0000000100000000)
  eden space 250368K, 0% used [0x00000000eab00000,0x00000000eab00000,0x00000000f9f80000)
  from space 47616K, 20% used [0x00000000f9f80000,0x00000000fa91dba8,0x00000000fce00000)
  to   space 45056K, 0% used [0x00000000fcf80000,0x00000000fcf80000,0x00000000ffb80000)
 ParOldGen       total 145920K, used 100189K [0x00000000c0000000, 0x00000000c8e80000, 0x00000000eab00000)
  object space 145920K, 68% used [0x00000000c0000000,0x00000000c61d7660,0x00000000c8e80000)
 Metaspace       used 70360K, capacity 73410K, committed 74752K, reserved 1114112K
  class space    used 9363K, capacity 9879K, committed 10240K, reserved 1048576K
}
Event: 2638.215 GC heap before
{Heap before GC invocations=107 (full 21):
 PSYoungGen      total 297984K, used 17508K [0x00000000eab00000, 0x00000000ffb80000, 0x0000000100000000)
  eden space 250368K, 3% used [0x00000000eab00000,0x00000000eb27b688,0x00000000f9f80000)
  from space 47616K, 20% used [0x00000000f9f80000,0x00000000fa91dba8,0x00000000fce00000)
  to   space 45056K, 0% used [0x00000000fcf80000,0x00000000fcf80000,0x00000000ffb80000)
 ParOldGen       total 145920K, used 100189K [0x00000000c0000000, 0x00000000c8e80000, 0x00000000eab00000)
  object space 145920K, 68% used [0x00000000c0000000,0x00000000c61d7660,0x00000000c8e80000)
 Metaspace       used 70361K, capacity 73410K, committed 74752K, reserved 1114112K
  class space    used 9363K, capacity 9879K, committed 10240K, reserved 1048576K
Event: 2638.218 GC heap after
Heap after GC invocations=107 (full 21):
 PSYoungGen      total 297472K, used 160K [0x00000000eab00000, 0x00000000ff980000, 0x0000000100000000)
  eden space 254464K, 0% used [0x00000000eab00000,0x00000000eab00000,0x00000000fa380000)
  from space 43008K, 0% used [0x00000000fcf80000,0x00000000fcfa8000,0x00000000ff980000)
  to   space 44032K, 0% used [0x00000000fa380000,0x00000000fa380000,0x00000000fce80000)
 ParOldGen       total 145920K, used 100237K [0x00000000c0000000, 0x00000000c8e80000, 0x00000000eab00000)
  object space 145920K, 68% used [0x00000000c0000000,0x00000000c61e3660,0x00000000c8e80000)
 Metaspace       used 70361K, capacity 73410K, committed 74752K, reserved 1114112K
  class space    used 9363K, capacity 9879K, committed 10240K, reserved 1048576K
}
Event: 2638.218 GC heap before
{Heap before GC invocations=108 (full 22):
 PSYoungGen      total 297472K, used 160K [0x00000000eab00000, 0x00000000ff980000, 0x0000000100000000)
  eden space 254464K, 0% used [0x00000000eab00000,0x00000000eab00000,0x00000000fa380000)
  from space 43008K, 0% used [0x00000000fcf80000,0x00000000fcfa8000,0x00000000ff980000)
  to   space 44032K, 0% used [0x00000000fa380000,0x00000000fa380000,0x00000000fce80000)
 ParOldGen       total 145920K, used 100237K [0x00000000c0000000, 0x00000000c8e80000, 0x00000000eab00000)
  object space 145920K, 68% used [0x00000000c0000000,0x00000000c61e3660,0x00000000c8e80000)
 Metaspace       used 70361K, capacity 73410K, committed 74752K, reserved 1114112K
  class space    used 9363K, capacity 9879K, committed 10240K, reserved 1048576K
Event: 2639.034 GC heap after
Heap after GC invocations=108 (full 22):
 PSYoungGen      total 297472K, used 0K [0x00000000eab00000, 0x00000000ff980000, 0x0000000100000000)
  eden space 254464K, 0% used [0x00000000eab00000,0x00000000eab00000,0x00000000fa380000)
  from space 43008K, 0% used [0x00000000fcf80000,0x00000000fcf80000,0x00000000ff980000)
  to   space 44032K, 0% used [0x00000000fa380000,0x00000000fa380000,0x00000000fce80000)
 ParOldGen       total 145920K, used 58180K [0x00000000c0000000, 0x00000000c8e80000, 0x00000000eab00000)
  object space 145920K, 39% used [0x00000000c0000000,0x00000000c38d1250,0x00000000c8e80000)
 Metaspace       used 70333K, capacity 73338K, committed 74752K, reserved 1114112K
  class space    used 9356K, capacity 9867K, committed 10240K, reserved 1048576K
}
Event: 5655.229 GC heap before
{Heap before GC invocations=109 (full 22):
 PSYoungGen      total 297472K, used 254464K [0x00000000eab00000, 0x00000000ff980000, 0x0000000100000000)
  eden space 254464K, 100% used [0x00000000eab00000,0x00000000fa380000,0x00000000fa380000)
  from space 43008K, 0% used [0x00000000fcf80000,0x00000000fcf80000,0x00000000ff980000)
  to   space 44032K, 0% used [0x00000000fa380000,0x00000000fa380000,0x00000000fce80000)
 ParOldGen       total 145920K, used 58180K [0x00000000c0000000, 0x00000000c8e80000, 0x00000000eab00000)
  object space 145920K, 39% used [0x00000000c0000000,0x00000000c38d1250,0x00000000c8e80000)
 Metaspace       used 73915K, capacity 77128K, committed 78208K, reserved 1116160K
  class space    used 9848K, capacity 10402K, committed 10624K, reserved 1048576K
Event: 5655.256 GC heap after
Heap after GC invocations=109 (full 22):
 PSYoungGen      total 298496K, used 8138K [0x00000000eab00000, 0x00000000ffd00000, 0x0000000100000000)
  eden space 254464K, 0% used [0x00000000eab00000,0x00000000eab00000,0x00000000fa380000)
  from space 44032K, 18% used [0x00000000fa380000,0x00000000fab72968,0x00000000fce80000)
  to   space 41984K, 0% used [0x00000000fd400000,0x00000000fd400000,0x00000000ffd00000)
 ParOldGen       total 145920K, used 58188K [0x00000000c0000000, 0x00000000c8e80000, 0x00000000eab00000)
  object space 145920K, 39% used [0x00000000c0000000,0x00000000c38d3250,0x00000000c8e80000)
 Metaspace       used 73915K, capacity 77128K, committed 78208K, reserved 1116160K
  class space    used 9848K, capacity 10402K, committed 10624K, reserved 1048576K
}
Event: 5657.618 GC heap before
{Heap before GC invocations=110 (full 22):
 PSYoungGen      total 298496K, used 262602K [0x00000000eab00000, 0x00000000ffd00000, 0x0000000100000000)
  eden space 254464K, 100% used [0x00000000eab00000,0x00000000fa380000,0x00000000fa380000)
  from space 44032K, 18% used [0x00000000fa380000,0x00000000fab72968,0x00000000fce80000)
  to   space 41984K, 0% used [0x00000000fd400000,0x00000000fd400000,0x00000000ffd00000)
 ParOldGen       total 145920K, used 58188K [0x00000000c0000000, 0x00000000c8e80000, 0x00000000eab00000)
  object space 145920K, 39% used [0x00000000c0000000,0x00000000c38d3250,0x00000000c8e80000)
 Metaspace       used 77686K, capacity 81288K, committed 81792K, reserved 1120256K
  class space    used 10416K, capacity 11037K, committed 11136K, reserved 1048576K
Event: 5657.842 GC heap after
Heap after GC invocations=110 (full 22):
 PSYoungGen      total 304640K, used 18783K [0x00000000eab00000, 0x00000000ffd00000, 0x0000000100000000)
  eden space 262656K, 0% used [0x00000000eab00000,0x00000000eab00000,0x00000000fab80000)
  from space 41984K, 44% used [0x00000000fd400000,0x00000000fe657cb8,0x00000000ffd00000)
  to   space 41472K, 0% used [0x00000000fab80000,0x00000000fab80000,0x00000000fd400000)
 ParOldGen       total 145920K, used 58196K [0x00000000c0000000, 0x00000000c8e80000, 0x00000000eab00000)
  object space 145920K, 39% used [0x00000000c0000000,0x00000000c38d5250,0x00000000c8e80000)
 Metaspace       used 77686K, capacity 81288K, committed 81792K, reserved 1120256K
  class space    used 10416K, capacity 11037K, committed 11136K, reserved 1048576K
}

